{
  "RSpec": {
    "coverage": {
      "/Users/loganmcdonald/Documents/documents_sandbox/CTA/spec/controllers/routes_controller_spec.rb": [
        1,
        null,
        1,
        3,
        1,
        null,
        null,
        null,
        null,
        1,
        null,
        null,
        1,
        1,
        1,
        1,
        1,
        null,
        null,
        null,
        1,
        1,
        1,
        1,
        1,
        null,
        null,
        null
      ],
      "/Users/loganmcdonald/Documents/documents_sandbox/CTA/app/controllers/routes_controller.rb": [
        1,
        1,
        1,
        1,
        null,
        null,
        1,
        1,
        1,
        1,
        1,
        1,
        1,
        1,
        null,
        null
      ],
      "/Users/loganmcdonald/Documents/documents_sandbox/CTA/app/controllers/application_controller.rb": [
        1,
        1,
        null
      ],
      "/Users/loganmcdonald/Documents/documents_sandbox/CTA/spec/controllers/stops_controller_spec.rb": [
        1,
        null,
        1,
        3,
        1,
        null,
        null,
        null,
        null,
        null,
        null,
        1,
        null,
        null,
        1,
        1,
        1,
        1,
        1,
        1,
        null,
        null,
        null,
        1,
        1,
        1,
        1,
        1,
        null,
        null,
        null,
        1,
        1,
        1,
        1,
        1,
        null,
        null,
        null
      ],
      "/Users/loganmcdonald/Documents/documents_sandbox/CTA/app/controllers/stops_controller.rb": [
        1,
        1,
        1,
        1,
        1,
        null,
        1,
        1,
        1,
        1,
        1,
        1,
        null,
        null,
        1,
        1,
        null,
        null,
        null,
        null,
        1,
        null,
        null,
        1,
        1,
        1,
        1,
        1,
        null,
        1,
        null,
        null,
        1,
        1,
        1,
        1,
        1,
        null,
        null,
        null
      ],
      "/Users/loganmcdonald/Documents/documents_sandbox/CTA/spec/models/route_spec.rb": [
        1,
        null,
        1,
        null,
        null
      ],
      "/Users/loganmcdonald/Documents/documents_sandbox/CTA/app/models/route.rb": [
        1,
        1,
        null,
        null,
        null,
        null,
        1,
        null,
        null,
        1,
        1,
        1,
        null,
        1,
        1,
        null,
        null
      ],
      "/Users/loganmcdonald/Documents/documents_sandbox/CTA/app/models/application_record.rb": [
        1,
        1,
        null
      ],
      "/Users/loganmcdonald/Documents/documents_sandbox/CTA/spec/models/route_stop_spec.rb": [

      ],
      "/Users/loganmcdonald/Documents/documents_sandbox/CTA/spec/models/stop_spec.rb": [
        1,
        null,
        1,
        null,
        null
      ],
      "/Users/loganmcdonald/Documents/documents_sandbox/CTA/app/models/stop.rb": [
        1,
        1,
        null,
        null,
        null,
        null,
        1,
        null,
        null,
        1,
        null,
        null,
        1,
        null,
        null,
        1,
        null,
        null,
        1,
        null,
        null,
        1,
        null,
        null,
        1,
        null,
        null,
        1,
        null,
        null,
        1,
        null,
        null,
        1,
        1,
        null,
        1,
        0,
        null,
        null,
        1,
        1,
        null,
        1,
        0,
        0,
        null,
        null,
        0,
        0,
        0,
        0,
        null,
        null,
        null,
        0,
        null,
        1,
        null,
        null,
        1,
        1,
        1,
        0,
        null,
        1,
        null,
        null,
        1,
        1,
        1,
        0,
        0,
        0,
        0,
        null,
        null,
        1,
        null,
        null
      ],
      "/Users/loganmcdonald/Documents/documents_sandbox/CTA/app/models/route_stop.rb": [
        1,
        1,
        1,
        null
      ]
    },
    "timestamp": 1468884262
  }
}
